# JRE version: OpenJDK Runtime Environment (17.0.7) (build 17.0.7+0-b2043.56-10550314)
# Java VM: OpenJDK 64-Bit Server VM (17.0.7+0-b2043.56-10550314, mixed mode, tiered, compressed oops, compressed class ptrs, g1 gc, windows-amd64)
GC Precious Log:
 CPUs: 12 total, 12 available
 Memory: 7549M
 Large Page Support: Disabled
 NUMA Support: Disabled
 Compressed Oops: Enabled (32-bit)
 Heap Region Size: 1M
 Heap Min Capacity: 8M
 Heap Initial Capacity: 118M
 Heap Max Capacity: 2G
 Pre-touch: Disabled
 Parallel Workers: 10
 Concurrent Workers: 3
 Concurrent Refinement Workers: 10
 Periodic GC: Disabled
Heap:
 garbage-first heap   total 460800K, used 137202K [0x0000000080000000, 0x0000000100000000)
  region size 1024K, 3 young (3072K), 3 survivors (3072K)
 Metaspace       used 154087K, committed 155904K, reserved 1245184K
  class space    used 19869K, committed 20800K, reserved 1048576K
GC Heap History (20 events):
Event: 24682.347 GC heap after
{Heap after GC invocations=158 (full 0):
 garbage-first heap   total 464896K, used 130727K [0x0000000080000000, 0x0000000100000000)
  region size 1024K, 9 young (9216K), 9 survivors (9216K)
 Metaspace       used 153727K, committed 155584K, reserved 1245184K
  class space    used 19858K, committed 20800K, reserved 1048576K
}
Event: 24682.518 GC heap before
{Heap before GC invocations=158 (full 0):
 garbage-first heap   total 464896K, used 144039K [0x0000000080000000, 0x0000000100000000)
  region size 1024K, 22 young (22528K), 9 survivors (9216K)
 Metaspace       used 153755K, committed 155584K, reserved 1245184K
  class space    used 19858K, committed 20800K, reserved 1048576K
}
Event: 24682.554 GC heap after
{Heap after GC invocations=159 (full 0):
 garbage-first heap   total 464896K, used 121462K [0x0000000080000000, 0x0000000100000000)
  region size 1024K, 3 young (3072K), 3 survivors (3072K)
 Metaspace       used 153755K, committed 155584K, reserved 1245184K
  class space    used 19858K, committed 20800K, reserved 1048576K
}
Event: 24682.942 GC heap before
{Heap before GC invocations=159 (full 0):
 garbage-first heap   total 464896K, used 148086K [0x0000000080000000, 0x0000000100000000)
  region size 1024K, 31 young (31744K), 3 survivors (3072K)
 Metaspace       used 153761K, committed 155648K, reserved 1245184K
  class space    used 19858K, committed 20800K, reserved 1048576K
}
Event: 24682.949 GC heap after
{Heap after GC invocations=160 (full 0):
 garbage-first heap   total 464896K, used 125558K [0x0000000080000000, 0x0000000100000000)
  region size 1024K, 7 young (7168K), 7 survivors (7168K)
 Metaspace       used 153761K, committed 155648K, reserved 1245184K
  class space    used 19858K, committed 20800K, reserved 1048576K
}
Event: 24730.098 GC heap before
{Heap before GC invocations=161 (full 0):
 garbage-first heap   total 460800K, used 385654K [0x0000000080000000, 0x0000000100000000)
  region size 1024K, 217 young (222208K), 7 survivors (7168K)
 Metaspace       used 153953K, committed 155776K, reserved 1245184K
  class space    used 19869K, committed 20800K, reserved 1048576K
}
Event: 24730.121 GC heap after
{Heap after GC invocations=162 (full 0):
 garbage-first heap   total 460800K, used 138987K [0x0000000080000000, 0x0000000100000000)
  region size 1024K, 19 young (19456K), 19 survivors (19456K)
 Metaspace       used 153953K, committed 155776K, reserved 1245184K
  class space    used 19869K, committed 20800K, reserved 1048576K
}
Event: 24730.129 GC heap before
{Heap before GC invocations=162 (full 0):
 garbage-first heap   total 460800K, used 142059K [0x0000000080000000, 0x0000000100000000)
  region size 1024K, 22 young (22528K), 19 survivors (19456K)
 Metaspace       used 153953K, committed 155776K, reserved 1245184K
  class space    used 19869K, committed 20800K, reserved 1048576K
}
Event: 24730.161 GC heap after
{Heap after GC invocations=163 (full 0):
 garbage-first heap   total 460800K, used 129585K [0x0000000080000000, 0x0000000100000000)
  region size 1024K, 3 young (3072K), 3 survivors (3072K)
 Metaspace       used 153953K, committed 155776K, reserved 1245184K
  class space    used 19869K, committed 20800K, reserved 1048576K
}
Event: 24730.367 GC heap before
{Heap before GC invocations=163 (full 0):
 garbage-first heap   total 460800K, used 152113K [0x0000000080000000, 0x0000000100000000)
  region size 1024K, 27 young (27648K), 3 survivors (3072K)
 Metaspace       used 153962K, committed 155776K, reserved 1245184K
  class space    used 19869K, committed 20800K, reserved 1048576K
}
Event: 24730.371 GC heap after
{Heap after GC invocations=164 (full 0):
 garbage-first heap   total 460800K, used 130870K [0x0000000080000000, 0x0000000100000000)
  region size 1024K, 5 young (5120K), 5 survivors (5120K)
 Metaspace       used 153962K, committed 155776K, reserved 1245184K
  class space    used 19869K, committed 20800K, reserved 1048576K
}
Event: 26641.240 GC heap before
{Heap before GC invocations=165 (full 0):
 garbage-first heap   total 460800K, used 382774K [0x0000000080000000, 0x0000000100000000)
  region size 1024K, 200 young (204800K), 5 survivors (5120K)
 Metaspace       used 154075K, committed 155904K, reserved 1245184K
  class space    used 19869K, committed 20800K, reserved 1048576K
}
Event: 26642.814 GC heap after
{Heap after GC invocations=166 (full 0):
 garbage-first heap   total 460800K, used 133581K [0x0000000080000000, 0x0000000100000000)
  region size 1024K, 3 young (3072K), 3 survivors (3072K)
 Metaspace       used 154075K, committed 155904K, reserved 1245184K
  class space    used 19869K, committed 20800K, reserved 1048576K
}
Event: 26644.655 GC heap before
{Heap before GC invocations=166 (full 0):
 garbage-first heap   total 460800K, used 152013K [0x0000000080000000, 0x0000000100000000)
  region size 1024K, 22 young (22528K), 3 survivors (3072K)
 Metaspace       used 154075K, committed 155904K, reserved 1245184K
  class space    used 19869K, committed 20800K, reserved 1048576K
}
Event: 26644.854 GC heap after
{Heap after GC invocations=167 (full 0):
 garbage-first heap   total 460800K, used 126884K [0x0000000080000000, 0x0000000100000000)
  region size 1024K, 1 young (1024K), 1 survivors (1024K)
 Metaspace       used 154075K, committed 155904K, reserved 1245184K
  class space    used 19869K, committed 20800K, reserved 1048576K
}
Event: 26712.180 GC heap before
{Heap before GC invocations=167 (full 0):
 garbage-first heap   total 460800K, used 147364K [0x0000000080000000, 0x0000000100000000)
  region size 1024K, 22 young (22528K), 1 survivors (1024K)
 Metaspace       used 154077K, committed 155904K, reserved 1245184K
  class space    used 19869K, committed 20800K, reserved 1048576K
}
Event: 26712.238 GC heap after
{Heap after GC invocations=168 (full 0):
 garbage-first heap   total 460800K, used 127843K [0x0000000080000000, 0x0000000100000000)
  region size 1024K, 3 young (3072K), 3 survivors (3072K)
 Metaspace       used 154077K, committed 155904K, reserved 1245184K
  class space    used 19869K, committed 20800K, reserved 1048576K
}
Event: 26712.800 GC heap before
{Heap before GC invocations=168 (full 0):
 garbage-first heap   total 460800K, used 147299K [0x0000000080000000, 0x0000000100000000)
  region size 1024K, 22 young (22528K), 3 survivors (3072K)
 Metaspace       used 154086K, committed 155904K, reserved 1245184K
  class space    used 19869K, committed 20800K, reserved 1048576K
}
Event: 26712.845 GC heap after
{Heap after GC invocations=169 (full 0):
 garbage-first heap   total 460800K, used 129292K [0x0000000080000000, 0x0000000100000000)
  region size 1024K, 3 young (3072K), 3 survivors (3072K)
 Metaspace       used 154086K, committed 155904K, reserved 1245184K
  class space    used 19869K, committed 20800K, reserved 1048576K
}
Event: 26713.186 GC heap before
{Heap before GC invocations=169 (full 0):
 garbage-first heap   total 460800K, used 149772K [0x0000000080000000, 0x0000000100000000)
  region size 1024K, 22 young (22528K), 3 survivors (3072K)
 Metaspace       used 154087K, committed 155904K, reserved 1245184K
  class space    used 19869K, committed 20800K, reserved 1048576K
}

